<?xml version="1.0" encoding="UTF-8"?>
<!-- Generated by org.testng.reporters.JUnitXMLReporter -->
<testsuite ignored="0" hostname="DESKTOP-IRSR8MK" failures="0" tests="9" name="Default test" time="46.455" errors="0" timestamp="2025-08-26T18:10:56 IST">
  <testcase classname="com.ePRIME.TestScripts.SampleRun" name="verifyTitle" time="0.035"/>
  <testcase classname="com.ePRIME.TestScripts.SampleRun" name="verifyUrl" time="0.02"/>
  <testcase classname="com.ePRIME.TestScripts.SampleRun" name="verifyLogin" time="6.321"/>
  <testcase classname="com.ePRIME.TestScripts.SampleRun" name="verifyLogin" time="6.122"/>
  <testcase classname="com.ePRIME.TestScripts.SampleRun" name="verifyLogin" time="5.872"/>
  <testcase classname="com.ePRIME.TestScripts.SampleRun" name="verifyLogin" time="5.874"/>
  <testcase classname="com.ePRIME.TestScripts.SampleRun" name="verifyLogin" time="6.276"/>
  <testcase classname="com.ePRIME.TestScripts.SampleRun" name="verifyLogin" time="5.878"/>
  <testcase classname="com.ePRIME.TestScripts.SampleRun" name="verifyLogin" time="5.873"/>
</testsuite> <!-- Default test -->
