<?xml version="1.0" encoding="UTF-8"?>
<!-- Generated by org.testng.reporters.JUnitXMLReporter -->
<testsuite ignored="0" hostname="DESKTOP-IRSR8MK" failures="0" tests="3" name="Test2" time="7.38" errors="0" timestamp="2025-08-22T17:24:38 IST">
  <testcase classname="com.ePRIME.TestScripts.SampleRun" name="verifyTitle" time="0.072"/>
  <testcase classname="com.ePRIME.TestScripts.SampleRun" name="verifyUrl" time="0.045"/>
  <testcase classname="com.ePRIME.TestScripts.SampleRun" name="verifyLogin" time="2.287"/>
</testsuite> <!-- Test2 -->
