<?xml version="1.0" encoding="UTF-8"?>
<!-- Generated by org.testng.reporters.JUnitXMLReporter -->
<testsuite ignored="0" hostname="DESKTOP-IRSR8MK" failures="0" tests="3" name="Test4" time="0.189" errors="0" timestamp="2025-08-22T17:24:31 IST">
  <testcase classname="com.ePRIME.TestScripts.SampleRun" name="verifyTitle" time="0.0">
    <skipped/>
  </testcase> <!-- verifyTitle -->
  <testcase classname="com.ePRIME.TestScripts.SampleRun" name="verifyUrl" time="0.001">
    <skipped/>
  </testcase> <!-- verifyUrl -->
  <testcase classname="com.ePRIME.TestScripts.SampleRun" name="verifyLogin" time="0.001">
    <skipped/>
  </testcase> <!-- verifyLogin -->
</testsuite> <!-- Test4 -->
