<?xml version="1.0" encoding="UTF-8"?>
<!-- Generated by org.testng.reporters.JUnitXMLReporter -->
<testsuite ignored="0" hostname="DESKTOP-IRSR8MK" failures="0" tests="3" name="Test1" time="7.702" errors="0" timestamp="2025-08-22T17:24:39 IST">
  <testcase classname="com.ePRIME.TestScripts.SampleRun" name="verifyTitle" time="0.034"/>
  <testcase classname="com.ePRIME.TestScripts.SampleRun" name="verifyUrl" time="0.027"/>
  <testcase classname="com.ePRIME.TestScripts.SampleRun" name="verifyLogin" time="2.02"/>
</testsuite> <!-- Test1 -->
