<?xml version="1.0" encoding="UTF-8"?>
<testng-results ignored="0" total="9" passed="7" failed="2" skipped="0">
  <reporter-output>
  </reporter-output>
  <suite started-at="2025-08-29T17:26:15 IST" name="Default suite" finished-at="2025-08-29T17:27:02 IST" duration-ms="47363">
    <groups>
    </groups>
    <test started-at="2025-08-29T17:26:15 IST" name="Default test" finished-at="2025-08-29T17:27:02 IST" duration-ms="47363">
      <class name="com.ePRIME.TestScripts.SampleRun">
        <test-method is-config="true" signature="setup(java.lang.String)[pri:0, instance:com.ePRIME.TestScripts.SampleRun@9d5509a]" started-at="2025-08-29T17:26:15 IST" name="setup" finished-at="2025-08-29T17:26:18 IST" duration-ms="2627" status="PASS">
          <params>
            <param index="0">
              <value>
                <![CDATA[chrome]]>
              </value>
            </param>
          </params>
          <reporter-output>
          </reporter-output>
        </test-method> <!-- setup -->
        <test-method signature="verifyTitle()[pri:1, instance:com.ePRIME.TestScripts.SampleRun@9d5509a]" started-at="2025-08-29T17:26:18 IST" name="verifyTitle" finished-at="2025-08-29T17:26:18 IST" duration-ms="45" status="FAIL">
          <exception class="java.lang.AssertionError">
            <message>
              <![CDATA[The following asserts failed:
expected [HMS] but found [Login | Hospital Management System]]]>
            </message>
            <full-stacktrace>
              <![CDATA[java.lang.AssertionError: The following asserts failed:
expected [HMS] but found [Login | Hospital Management System]
at org.testng.asserts.SoftAssert.assertAll(SoftAssert.java:46)
at org.testng.asserts.SoftAssert.assertAll(SoftAssert.java:30)
at com.ePRIME.TestScripts.SampleRun.verifyTitle(SampleRun.java:47)
at java.base/jdk.internal.reflect.DirectMethodHandleAccessor.invoke(DirectMethodHandleAccessor.java:103)
at java.base/java.lang.reflect.Method.invoke(Method.java:580)
at org.testng.internal.invokers.MethodInvocationHelper.invokeMethod(MethodInvocationHelper.java:141)
at org.testng.internal.invokers.TestInvoker.invokeMethod(TestInvoker.java:687)
at org.testng.internal.invokers.TestInvoker.invokeTestMethod(TestInvoker.java:230)
at org.testng.internal.invokers.MethodRunner.runInSequence(MethodRunner.java:63)
at org.testng.internal.invokers.TestInvoker$MethodInvocationAgent.invoke(TestInvoker.java:995)
at org.testng.internal.invokers.TestInvoker.invokeTestMethods(TestInvoker.java:203)
at org.testng.internal.invokers.TestMethodWorker.invokeTestMethods(TestMethodWorker.java:154)
at org.testng.internal.invokers.TestMethodWorker.run(TestMethodWorker.java:134)
at java.base/java.util.ArrayList.forEach(ArrayList.java:1596)
at org.testng.TestRunner.privateRun(TestRunner.java:741)
at org.testng.TestRunner.run(TestRunner.java:616)
at org.testng.SuiteRunner.runTest(SuiteRunner.java:421)
at org.testng.SuiteRunner.runSequentially(SuiteRunner.java:413)
at org.testng.SuiteRunner.privateRun(SuiteRunner.java:373)
at org.testng.SuiteRunner.run(SuiteRunner.java:312)
at org.testng.SuiteRunnerWorker.runSuite(SuiteRunnerWorker.java:52)
at org.testng.SuiteRunnerWorker.run(SuiteRunnerWorker.java:95)
at org.testng.TestNG.runSuitesSequentially(TestNG.java:1274)
at org.testng.TestNG.runSuitesLocally(TestNG.java:1208)
at org.testng.TestNG.runSuites(TestNG.java:1112)
at org.testng.TestNG.run(TestNG.java:1079)
at org.testng.remote.AbstractRemoteTestNG.run(AbstractRemoteTestNG.java:115)
at org.testng.remote.RemoteTestNG.initAndRun(RemoteTestNG.java:293)
at org.testng.remote.RemoteTestNG.main(RemoteTestNG.java:91)
]]>
            </full-stacktrace>
          </exception> <!-- java.lang.AssertionError -->
          <reporter-output>
          </reporter-output>
        </test-method> <!-- verifyTitle -->
        <test-method signature="verifyUrl()[pri:2, instance:com.ePRIME.TestScripts.SampleRun@9d5509a]" started-at="2025-08-29T17:26:18 IST" name="verifyUrl" finished-at="2025-08-29T17:26:18 IST" duration-ms="13" status="FAIL">
          <exception class="java.lang.AssertionError">
            <message>
              <![CDATA[The following asserts failed:
expected [http://localhost/hmsci] but found [http://localhost/hmsci/]]]>
            </message>
            <full-stacktrace>
              <![CDATA[java.lang.AssertionError: The following asserts failed:
expected [http://localhost/hmsci] but found [http://localhost/hmsci/]
at org.testng.asserts.SoftAssert.assertAll(SoftAssert.java:46)
at org.testng.asserts.SoftAssert.assertAll(SoftAssert.java:30)
at com.ePRIME.TestScripts.SampleRun.verifyUrl(SampleRun.java:58)
at java.base/jdk.internal.reflect.DirectMethodHandleAccessor.invoke(DirectMethodHandleAccessor.java:103)
at java.base/java.lang.reflect.Method.invoke(Method.java:580)
at org.testng.internal.invokers.MethodInvocationHelper.invokeMethod(MethodInvocationHelper.java:141)
at org.testng.internal.invokers.TestInvoker.invokeMethod(TestInvoker.java:687)
at org.testng.internal.invokers.TestInvoker.invokeTestMethod(TestInvoker.java:230)
at org.testng.internal.invokers.MethodRunner.runInSequence(MethodRunner.java:63)
at org.testng.internal.invokers.TestInvoker$MethodInvocationAgent.invoke(TestInvoker.java:995)
at org.testng.internal.invokers.TestInvoker.invokeTestMethods(TestInvoker.java:203)
at org.testng.internal.invokers.TestMethodWorker.invokeTestMethods(TestMethodWorker.java:154)
at org.testng.internal.invokers.TestMethodWorker.run(TestMethodWorker.java:134)
at java.base/java.util.ArrayList.forEach(ArrayList.java:1596)
at org.testng.TestRunner.privateRun(TestRunner.java:741)
at org.testng.TestRunner.run(TestRunner.java:616)
at org.testng.SuiteRunner.runTest(SuiteRunner.java:421)
at org.testng.SuiteRunner.runSequentially(SuiteRunner.java:413)
at org.testng.SuiteRunner.privateRun(SuiteRunner.java:373)
at org.testng.SuiteRunner.run(SuiteRunner.java:312)
at org.testng.SuiteRunnerWorker.runSuite(SuiteRunnerWorker.java:52)
at org.testng.SuiteRunnerWorker.run(SuiteRunnerWorker.java:95)
at org.testng.TestNG.runSuitesSequentially(TestNG.java:1274)
at org.testng.TestNG.runSuitesLocally(TestNG.java:1208)
at org.testng.TestNG.runSuites(TestNG.java:1112)
at org.testng.TestNG.run(TestNG.java:1079)
at org.testng.remote.AbstractRemoteTestNG.run(AbstractRemoteTestNG.java:115)
at org.testng.remote.RemoteTestNG.initAndRun(RemoteTestNG.java:293)
at org.testng.remote.RemoteTestNG.main(RemoteTestNG.java:91)
]]>
            </full-stacktrace>
          </exception> <!-- java.lang.AssertionError -->
          <reporter-output>
          </reporter-output>
        </test-method> <!-- verifyUrl -->
        <test-method signature="verifyLogin(java.lang.String,java.lang.String,java.lang.String)[pri:3, instance:com.ePRIME.TestScripts.SampleRun@9d5509a]" started-at="2025-08-29T17:26:20 IST" name="verifyLogin" data-provider="qaData" finished-at="2025-08-29T17:26:26 IST" duration-ms="6083" status="PASS">
          <params>
            <param index="0">
              <value>
                <![CDATA[Admin]]>
              </value>
            </param>
            <param index="1">
              <value>
                <![CDATA[admin@mail.com]]>
              </value>
            </param>
            <param index="2">
              <value>
                <![CDATA[12345678]]>
              </value>
            </param>
          </params>
          <reporter-output>
          </reporter-output>
        </test-method> <!-- verifyLogin -->
        <test-method signature="verifyLogin(java.lang.String,java.lang.String,java.lang.String)[pri:3, instance:com.ePRIME.TestScripts.SampleRun@9d5509a]" started-at="2025-08-29T17:26:26 IST" name="verifyLogin" data-provider="qaData" finished-at="2025-08-29T17:26:32 IST" duration-ms="5973" status="PASS">
          <params>
            <param index="0">
              <value>
                <![CDATA[Accountant]]>
              </value>
            </param>
            <param index="1">
              <value>
                <![CDATA[danny@mail.com]]>
              </value>
            </param>
            <param index="2">
              <value>
                <![CDATA[acc8520]]>
              </value>
            </param>
          </params>
          <reporter-output>
          </reporter-output>
        </test-method> <!-- verifyLogin -->
        <test-method signature="verifyLogin(java.lang.String,java.lang.String,java.lang.String)[pri:3, instance:com.ePRIME.TestScripts.SampleRun@9d5509a]" started-at="2025-08-29T17:26:32 IST" name="verifyLogin" data-provider="qaData" finished-at="2025-08-29T17:26:38 IST" duration-ms="6258" status="PASS">
          <params>
            <param index="0">
              <value>
                <![CDATA[Doctor]]>
              </value>
            </param>
            <param index="1">
              <value>
                <![CDATA[swamikannu@mail.com]]>
              </value>
            </param>
            <param index="2">
              <value>
                <![CDATA[test]]>
              </value>
            </param>
          </params>
          <reporter-output>
          </reporter-output>
        </test-method> <!-- verifyLogin -->
        <test-method signature="verifyLogin(java.lang.String,java.lang.String,java.lang.String)[pri:3, instance:com.ePRIME.TestScripts.SampleRun@9d5509a]" started-at="2025-08-29T17:26:38 IST" name="verifyLogin" data-provider="qaData" finished-at="2025-08-29T17:26:44 IST" duration-ms="6299" status="PASS">
          <params>
            <param index="0">
              <value>
                <![CDATA[Patient]]>
              </value>
            </param>
            <param index="1">
              <value>
                <![CDATA[user@mail.com]]>
              </value>
            </param>
            <param index="2">
              <value>
                <![CDATA[User@123]]>
              </value>
            </param>
          </params>
          <reporter-output>
          </reporter-output>
        </test-method> <!-- verifyLogin -->
        <test-method signature="verifyLogin(java.lang.String,java.lang.String,java.lang.String)[pri:3, instance:com.ePRIME.TestScripts.SampleRun@9d5509a]" started-at="2025-08-29T17:26:44 IST" name="verifyLogin" data-provider="qaData" finished-at="2025-08-29T17:26:50 IST" duration-ms="6043" status="PASS">
          <params>
            <param index="0">
              <value>
                <![CDATA[Laboratorist]]>
              </value>
            </param>
            <param index="1">
              <value>
                <![CDATA[muthu@mail.com]]>
              </value>
            </param>
            <param index="2">
              <value>
                <![CDATA[labhms]]>
              </value>
            </param>
          </params>
          <reporter-output>
          </reporter-output>
        </test-method> <!-- verifyLogin -->
        <test-method signature="verifyLogin(java.lang.String,java.lang.String,java.lang.String)[pri:3, instance:com.ePRIME.TestScripts.SampleRun@9d5509a]" started-at="2025-08-29T17:26:50 IST" name="verifyLogin" data-provider="qaData" finished-at="2025-08-29T17:26:56 IST" duration-ms="5893" status="PASS">
          <params>
            <param index="0">
              <value>
                <![CDATA[Pharmacist]]>
              </value>
            </param>
            <param index="1">
              <value>
                <![CDATA[santhosh@mail.com]]>
              </value>
            </param>
            <param index="2">
              <value>
                <![CDATA[pharma]]>
              </value>
            </param>
          </params>
          <reporter-output>
          </reporter-output>
        </test-method> <!-- verifyLogin -->
        <test-method signature="verifyLogin(java.lang.String,java.lang.String,java.lang.String)[pri:3, instance:com.ePRIME.TestScripts.SampleRun@9d5509a]" started-at="2025-08-29T17:26:56 IST" name="verifyLogin" data-provider="qaData" finished-at="2025-08-29T17:27:02 IST" duration-ms="5916" status="PASS">
          <params>
            <param index="0">
              <value>
                <![CDATA[Nurse]]>
              </value>
            </param>
            <param index="1">
              <value>
                <![CDATA[haripriya@mail.com]]>
              </value>
            </param>
            <param index="2">
              <value>
                <![CDATA[pass]]>
              </value>
            </param>
          </params>
          <reporter-output>
          </reporter-output>
        </test-method> <!-- verifyLogin -->
      </class> <!-- com.ePRIME.TestScripts.SampleRun -->
    </test> <!-- Default test -->
  </suite> <!-- Default suite -->
</testng-results>
